<?xml version="1.0" encoding="UTF-8"?>
<testng-results skipped="0" failed="0" total="1" passed="1">
  <reporter-output>
  </reporter-output>
  <suite name="Default suite" duration-ms="1653" started-at="2015-06-21T16:07:39Z" finished-at="2015-06-21T16:07:41Z">
    <groups>
    </groups>
    <test name="Default test" duration-ms="1653" started-at="2015-06-21T16:07:39Z" finished-at="2015-06-21T16:07:41Z">
      <class name="html.usage.NewTest">
        <test-method status="PASS" signature="beforeTest()[pri:0, instance:html.usage.NewTest@7006c658]" name="beforeTest" is-config="true" duration-ms="20" started-at="2015-06-21T19:07:39Z" finished-at="2015-06-21T19:07:39Z">
          <reporter-output>
          </reporter-output>
        </test-method> <!-- beforeTest -->
        <test-method status="PASS" signature="firstTest()[pri:0, instance:html.usage.NewTest@7006c658]" name="firstTest" duration-ms="1600" started-at="2015-06-21T19:07:39Z" finished-at="2015-06-21T19:07:41Z">
          <reporter-output>
          </reporter-output>
        </test-method> <!-- firstTest -->
        <test-method status="PASS" signature="afterTest()[pri:0, instance:html.usage.NewTest@7006c658]" name="afterTest" is-config="true" duration-ms="0" started-at="2015-06-21T19:07:41Z" finished-at="2015-06-21T19:07:41Z">
          <reporter-output>
          </reporter-output>
        </test-method> <!-- afterTest -->
      </class> <!-- html.usage.NewTest -->
    </test> <!-- Default test -->
  </suite> <!-- Default suite -->
</testng-results>
